<?xml version="1.0" encoding="UTF-8"?>
<testsuite name="org.springframework.samples.petclinic.owner.PetControllerTests" tests="6" skipped="0" failures="0" errors="0" timestamp="2022-02-09T03:36:47" hostname="cs-782767703530-default" time="0.172">
  <properties/>
  <testcase name="testProcessCreationFormSuccess()" classname="org.springframework.samples.petclinic.owner.PetControllerTests" time="0.029"/>
  <testcase name="testProcessUpdateFormSuccess()" classname="org.springframework.samples.petclinic.owner.PetControllerTests" time="0.011"/>
  <testcase name="testInitUpdateForm()" classname="org.springframework.samples.petclinic.owner.PetControllerTests" time="0.058"/>
  <testcase name="testInitCreationForm()" classname="org.springframework.samples.petclinic.owner.PetControllerTests" time="0.021"/>
  <testcase name="testProcessCreationFormHasErrors()" classname="org.springframework.samples.petclinic.owner.PetControllerTests" time="0.021"/>
  <testcase name="testProcessUpdateFormHasErrors()" classname="org.springframework.samples.petclinic.owner.PetControllerTests" time="0.022"/>
  <system-out><![CDATA[2022-02-09 03:36:46.543  INFO 14904 --- [    Test worker] .b.t.a.w.s.WebMvcTestContextBootstrapper : Neither @ContextConfiguration nor @ContextHierarchy found for test class [org.springframework.samples.petclinic.owner.PetControllerTests], using SpringBootContextLoader
2022-02-09 03:36:46.544  INFO 14904 --- [    Test worker] o.s.t.c.support.AbstractContextLoader    : Could not detect default resource locations for test class [org.springframework.samples.petclinic.owner.PetControllerTests]: no resource found for suffixes {-context.xml, Context.groovy}.
2022-02-09 03:36:46.544  INFO 14904 --- [    Test worker] t.c.s.AnnotationConfigContextLoaderUtils : Could not detect default configuration classes for test class [org.springframework.samples.petclinic.owner.PetControllerTests]: PetControllerTests does not declare any static, non-private, non-final, nested classes annotated with @Configuration.
2022-02-09 03:36:46.549  INFO 14904 --- [    Test worker] .b.t.c.SpringBootTestContextBootstrapper : Found @SpringBootConfiguration org.springframework.samples.petclinic.PetClinicApplication for test class org.springframework.samples.petclinic.owner.PetControllerTests
2022-02-09 03:36:46.550  INFO 14904 --- [    Test worker] .b.t.a.w.s.WebMvcTestContextBootstrapper : Loaded default TestExecutionListener class names from location [META-INF/spring.factories]: [org.springframework.boot.test.autoconfigure.restdocs.RestDocsTestExecutionListener, org.springframework.boot.test.autoconfigure.web.client.MockRestServiceServerResetTestExecutionListener, org.springframework.boot.test.autoconfigure.web.servlet.MockMvcPrintOnlyOnFailureTestExecutionListener, org.springframework.boot.test.autoconfigure.web.servlet.WebDriverTestExecutionListener, org.springframework.boot.test.autoconfigure.webservices.client.MockWebServiceServerTestExecutionListener, org.springframework.boot.test.mock.mockito.MockitoTestExecutionListener, org.springframework.boot.test.mock.mockito.ResetMocksTestExecutionListener, org.springframework.test.context.web.ServletTestExecutionListener, org.springframework.test.context.support.DirtiesContextBeforeModesTestExecutionListener, org.springframework.test.context.event.ApplicationEventsTestExecutionListener, org.springframework.test.context.support.DependencyInjectionTestExecutionListener, org.springframework.test.context.support.DirtiesContextTestExecutionListener, org.springframework.test.context.transaction.TransactionalTestExecutionListener, org.springframework.test.context.jdbc.SqlScriptsTestExecutionListener, org.springframework.test.context.event.EventPublishingTestExecutionListener]
2022-02-09 03:36:46.551  INFO 14904 --- [    Test worker] .b.t.a.w.s.WebMvcTestContextBootstrapper : Using TestExecutionListeners: [org.springframework.test.context.web.ServletTestExecutionListener@6b13d558, org.springframework.test.context.support.DirtiesContextBeforeModesTestExecutionListener@ad620fd, org.springframework.test.context.event.ApplicationEventsTestExecutionListener@1c4053aa, org.springframework.boot.test.mock.mockito.MockitoTestExecutionListener@709de434, org.springframework.boot.test.autoconfigure.SpringBootDependencyInjectionTestExecutionListener@551566a, org.springframework.test.context.support.DirtiesContextTestExecutionListener@3e3b5ff5, org.springframework.test.context.transaction.TransactionalTestExecutionListener@2078869b, org.springframework.test.context.jdbc.SqlScriptsTestExecutionListener@3fdb6ae4, org.springframework.test.context.event.EventPublishingTestExecutionListener@30369973, org.springframework.boot.test.autoconfigure.restdocs.RestDocsTestExecutionListener@5416bc77, org.springframework.boot.test.autoconfigure.web.client.MockRestServiceServerResetTestExecutionListener@303ea430, org.springframework.boot.test.autoconfigure.web.servlet.MockMvcPrintOnlyOnFailureTestExecutionListener@54d66499, org.springframework.boot.test.autoconfigure.web.servlet.WebDriverTestExecutionListener@502f9271, org.springframework.boot.test.autoconfigure.webservices.client.MockWebServiceServerTestExecutionListener@313b6907, org.springframework.boot.test.mock.mockito.ResetMocksTestExecutionListener@74e14434]


              |\      _,,,--,,_
             /,`.-'`'   ._  \-;;,_
  _______ __|,4-  ) )_   .;.(__`'-'__     ___ __    _ ___ _______
 |       | '---''(_/._)-'(_\_)   |   |   |   |  |  | |   |       |
 |    _  |    ___|_     _|       |   |   |   |   |_| |   |       | __ _ _
 |   |_| |   |___  |   | |       |   |   |   |       |   |       | \ \ \ \
 |    ___|    ___| |   | |      _|   |___|   |  _    |   |      _|  \ \ \ \
 |   |   |   |___  |   | |     |_|       |   | | |   |   |     |_    ) ) ) )
 |___|   |_______| |___| |_______|_______|___|_|  |__|___|_______|  / / / /
 ==================================================================/_/_/_/

:: Built with Spring Boot :: 2.6.2


2022-02-09 03:36:46.577  INFO 14904 --- [    Test worker] o.s.s.p.owner.PetControllerTests         : Starting PetControllerTests using Java 11.0.14 on cs-782767703530-default with PID 14904 (started by admin_ in /home/admin_/projects/gcp-devops-demo/spring-petclinic)
2022-02-09 03:36:46.578  INFO 14904 --- [    Test worker] o.s.s.p.owner.PetControllerTests         : The following profiles are active: mysql
2022-02-09 03:36:47.308  INFO 14904 --- [    Test worker] o.s.b.t.m.w.SpringBootMockServletContext : Initializing Spring TestDispatcherServlet ''
2022-02-09 03:36:47.308  INFO 14904 --- [    Test worker] o.s.t.web.servlet.TestDispatcherServlet  : Initializing Servlet ''
2022-02-09 03:36:47.309  INFO 14904 --- [    Test worker] o.s.t.web.servlet.TestDispatcherServlet  : Completed initialization in 1 ms
2022-02-09 03:36:47.324  INFO 14904 --- [    Test worker] o.s.s.p.owner.PetControllerTests         : Started PetControllerTests in 0.77 seconds (JVM running for 20.118)
]]></system-out>
  <system-err><![CDATA[]]></system-err>
</testsuite>
