<?xml version="1.0" encoding="UTF-8"?>
<testsuite name="org.springframework.samples.petclinic.owner.VisitControllerTests" tests="3" skipped="0" failures="0" errors="0" timestamp="2022-02-09T03:36:48" hostname="cs-782767703530-default" time="0.326">
  <properties/>
  <testcase name="testProcessNewVisitFormHasErrors()" classname="org.springframework.samples.petclinic.owner.VisitControllerTests" time="0.29"/>
  <testcase name="testProcessNewVisitFormSuccess()" classname="org.springframework.samples.petclinic.owner.VisitControllerTests" time="0.01"/>
  <testcase name="testInitNewVisitForm()" classname="org.springframework.samples.petclinic.owner.VisitControllerTests" time="0.022"/>
  <system-out><![CDATA[2022-02-09 03:36:47.546  INFO 14904 --- [    Test worker] .b.t.a.w.s.WebMvcTestContextBootstrapper : Neither @ContextConfiguration nor @ContextHierarchy found for test class [org.springframework.samples.petclinic.owner.VisitControllerTests], using SpringBootContextLoader
2022-02-09 03:36:47.548  INFO 14904 --- [    Test worker] o.s.t.c.support.AbstractContextLoader    : Could not detect default resource locations for test class [org.springframework.samples.petclinic.owner.VisitControllerTests]: no resource found for suffixes {-context.xml, Context.groovy}.
2022-02-09 03:36:47.548  INFO 14904 --- [    Test worker] t.c.s.AnnotationConfigContextLoaderUtils : Could not detect default configuration classes for test class [org.springframework.samples.petclinic.owner.VisitControllerTests]: VisitControllerTests does not declare any static, non-private, non-final, nested classes annotated with @Configuration.
2022-02-09 03:36:47.552  INFO 14904 --- [    Test worker] .b.t.c.SpringBootTestContextBootstrapper : Found @SpringBootConfiguration org.springframework.samples.petclinic.PetClinicApplication for test class org.springframework.samples.petclinic.owner.VisitControllerTests
2022-02-09 03:36:47.553  INFO 14904 --- [    Test worker] .b.t.a.w.s.WebMvcTestContextBootstrapper : Loaded default TestExecutionListener class names from location [META-INF/spring.factories]: [org.springframework.boot.test.autoconfigure.restdocs.RestDocsTestExecutionListener, org.springframework.boot.test.autoconfigure.web.client.MockRestServiceServerResetTestExecutionListener, org.springframework.boot.test.autoconfigure.web.servlet.MockMvcPrintOnlyOnFailureTestExecutionListener, org.springframework.boot.test.autoconfigure.web.servlet.WebDriverTestExecutionListener, org.springframework.boot.test.autoconfigure.webservices.client.MockWebServiceServerTestExecutionListener, org.springframework.boot.test.mock.mockito.MockitoTestExecutionListener, org.springframework.boot.test.mock.mockito.ResetMocksTestExecutionListener, org.springframework.test.context.web.ServletTestExecutionListener, org.springframework.test.context.support.DirtiesContextBeforeModesTestExecutionListener, org.springframework.test.context.event.ApplicationEventsTestExecutionListener, org.springframework.test.context.support.DependencyInjectionTestExecutionListener, org.springframework.test.context.support.DirtiesContextTestExecutionListener, org.springframework.test.context.transaction.TransactionalTestExecutionListener, org.springframework.test.context.jdbc.SqlScriptsTestExecutionListener, org.springframework.test.context.event.EventPublishingTestExecutionListener]
2022-02-09 03:36:47.554  INFO 14904 --- [    Test worker] .b.t.a.w.s.WebMvcTestContextBootstrapper : Using TestExecutionListeners: [org.springframework.test.context.web.ServletTestExecutionListener@31ef9ac6, org.springframework.test.context.support.DirtiesContextBeforeModesTestExecutionListener@87ef6de, org.springframework.test.context.event.ApplicationEventsTestExecutionListener@13572152, org.springframework.boot.test.mock.mockito.MockitoTestExecutionListener@249b2dd4, org.springframework.boot.test.autoconfigure.SpringBootDependencyInjectionTestExecutionListener@696faa2b, org.springframework.test.context.support.DirtiesContextTestExecutionListener@16d869de, org.springframework.test.context.transaction.TransactionalTestExecutionListener@3caf87e6, org.springframework.test.context.jdbc.SqlScriptsTestExecutionListener@4127f82a, org.springframework.test.context.event.EventPublishingTestExecutionListener@550d3cd7, org.springframework.boot.test.autoconfigure.restdocs.RestDocsTestExecutionListener@4e3931, org.springframework.boot.test.autoconfigure.web.client.MockRestServiceServerResetTestExecutionListener@409e0e69, org.springframework.boot.test.autoconfigure.web.servlet.MockMvcPrintOnlyOnFailureTestExecutionListener@3e0658f8, org.springframework.boot.test.autoconfigure.web.servlet.WebDriverTestExecutionListener@2d1206b, org.springframework.boot.test.autoconfigure.webservices.client.MockWebServiceServerTestExecutionListener@73a706b1, org.springframework.boot.test.mock.mockito.ResetMocksTestExecutionListener@437aa3ea]


              |\      _,,,--,,_
             /,`.-'`'   ._  \-;;,_
  _______ __|,4-  ) )_   .;.(__`'-'__     ___ __    _ ___ _______
 |       | '---''(_/._)-'(_\_)   |   |   |   |  |  | |   |       |
 |    _  |    ___|_     _|       |   |   |   |   |_| |   |       | __ _ _
 |   |_| |   |___  |   | |       |   |   |   |       |   |       | \ \ \ \
 |    ___|    ___| |   | |      _|   |___|   |  _    |   |      _|  \ \ \ \
 |   |   |   |___  |   | |     |_|       |   | | |   |   |     |_    ) ) ) )
 |___|   |_______| |___| |_______|_______|___|_|  |__|___|_______|  / / / /
 ==================================================================/_/_/_/

:: Built with Spring Boot :: 2.6.2


2022-02-09 03:36:47.589  INFO 14904 --- [    Test worker] o.s.s.p.owner.VisitControllerTests       : Starting VisitControllerTests using Java 11.0.14 on cs-782767703530-default with PID 14904 (started by admin_ in /home/admin_/projects/gcp-devops-demo/spring-petclinic)
2022-02-09 03:36:47.589  INFO 14904 --- [    Test worker] o.s.s.p.owner.VisitControllerTests       : The following profiles are active: mysql
2022-02-09 03:36:48.318  INFO 14904 --- [    Test worker] o.s.b.t.m.w.SpringBootMockServletContext : Initializing Spring TestDispatcherServlet ''
2022-02-09 03:36:48.319  INFO 14904 --- [    Test worker] o.s.t.web.servlet.TestDispatcherServlet  : Initializing Servlet ''
2022-02-09 03:36:48.320  INFO 14904 --- [    Test worker] o.s.t.web.servlet.TestDispatcherServlet  : Completed initialization in 0 ms
2022-02-09 03:36:48.334  INFO 14904 --- [    Test worker] o.s.s.p.owner.VisitControllerTests       : Started VisitControllerTests in 0.777 seconds (JVM running for 21.127)
]]></system-out>
  <system-err><![CDATA[]]></system-err>
</testsuite>
