<?xml version="1.0" encoding="UTF-8"?>
<testsuite name="org.springframework.samples.petclinic.vet.VetControllerTests" tests="2" skipped="0" failures="0" errors="0" timestamp="2022-02-09T03:36:54" hostname="cs-782767703530-default" time="0.141">
  <properties/>
  <testcase name="testShowVetListHtml()" classname="org.springframework.samples.petclinic.vet.VetControllerTests" time="0.044"/>
  <testcase name="testShowResourcesVetList()" classname="org.springframework.samples.petclinic.vet.VetControllerTests" time="0.096"/>
  <system-out><![CDATA[2022-02-09 03:36:53.509  INFO 14904 --- [    Test worker] .b.t.a.w.s.WebMvcTestContextBootstrapper : Neither @ContextConfiguration nor @ContextHierarchy found for test class [org.springframework.samples.petclinic.vet.VetControllerTests], using SpringBootContextLoader
2022-02-09 03:36:53.510  INFO 14904 --- [    Test worker] o.s.t.c.support.AbstractContextLoader    : Could not detect default resource locations for test class [org.springframework.samples.petclinic.vet.VetControllerTests]: no resource found for suffixes {-context.xml, Context.groovy}.
2022-02-09 03:36:53.510  INFO 14904 --- [    Test worker] t.c.s.AnnotationConfigContextLoaderUtils : Could not detect default configuration classes for test class [org.springframework.samples.petclinic.vet.VetControllerTests]: VetControllerTests does not declare any static, non-private, non-final, nested classes annotated with @Configuration.
2022-02-09 03:36:53.516  INFO 14904 --- [    Test worker] .b.t.c.SpringBootTestContextBootstrapper : Found @SpringBootConfiguration org.springframework.samples.petclinic.PetClinicApplication for test class org.springframework.samples.petclinic.vet.VetControllerTests
2022-02-09 03:36:53.517  INFO 14904 --- [    Test worker] .b.t.a.w.s.WebMvcTestContextBootstrapper : Loaded default TestExecutionListener class names from location [META-INF/spring.factories]: [org.springframework.boot.test.autoconfigure.restdocs.RestDocsTestExecutionListener, org.springframework.boot.test.autoconfigure.web.client.MockRestServiceServerResetTestExecutionListener, org.springframework.boot.test.autoconfigure.web.servlet.MockMvcPrintOnlyOnFailureTestExecutionListener, org.springframework.boot.test.autoconfigure.web.servlet.WebDriverTestExecutionListener, org.springframework.boot.test.autoconfigure.webservices.client.MockWebServiceServerTestExecutionListener, org.springframework.boot.test.mock.mockito.MockitoTestExecutionListener, org.springframework.boot.test.mock.mockito.ResetMocksTestExecutionListener, org.springframework.test.context.web.ServletTestExecutionListener, org.springframework.test.context.support.DirtiesContextBeforeModesTestExecutionListener, org.springframework.test.context.event.ApplicationEventsTestExecutionListener, org.springframework.test.context.support.DependencyInjectionTestExecutionListener, org.springframework.test.context.support.DirtiesContextTestExecutionListener, org.springframework.test.context.transaction.TransactionalTestExecutionListener, org.springframework.test.context.jdbc.SqlScriptsTestExecutionListener, org.springframework.test.context.event.EventPublishingTestExecutionListener]
2022-02-09 03:36:53.517  INFO 14904 --- [    Test worker] .b.t.a.w.s.WebMvcTestContextBootstrapper : Using TestExecutionListeners: [org.springframework.test.context.web.ServletTestExecutionListener@bf1b11f, org.springframework.test.context.support.DirtiesContextBeforeModesTestExecutionListener@24408aa1, org.springframework.test.context.event.ApplicationEventsTestExecutionListener@2db660c4, org.springframework.boot.test.mock.mockito.MockitoTestExecutionListener@4e06d88, org.springframework.boot.test.autoconfigure.SpringBootDependencyInjectionTestExecutionListener@29f4d42, org.springframework.test.context.support.DirtiesContextTestExecutionListener@22aaca32, org.springframework.test.context.transaction.TransactionalTestExecutionListener@3c042ee3, org.springframework.test.context.jdbc.SqlScriptsTestExecutionListener@3b0f98c6, org.springframework.test.context.event.EventPublishingTestExecutionListener@438237b8, org.springframework.boot.test.autoconfigure.restdocs.RestDocsTestExecutionListener@378d9ea0, org.springframework.boot.test.autoconfigure.web.client.MockRestServiceServerResetTestExecutionListener@2a63cd84, org.springframework.boot.test.autoconfigure.web.servlet.MockMvcPrintOnlyOnFailureTestExecutionListener@6deda9a6, org.springframework.boot.test.autoconfigure.web.servlet.WebDriverTestExecutionListener@3f806c54, org.springframework.boot.test.autoconfigure.webservices.client.MockWebServiceServerTestExecutionListener@64238d9a, org.springframework.boot.test.mock.mockito.ResetMocksTestExecutionListener@50187377]


              |\      _,,,--,,_
             /,`.-'`'   ._  \-;;,_
  _______ __|,4-  ) )_   .;.(__`'-'__     ___ __    _ ___ _______
 |       | '---''(_/._)-'(_\_)   |   |   |   |  |  | |   |       |
 |    _  |    ___|_     _|       |   |   |   |   |_| |   |       | __ _ _
 |   |_| |   |___  |   | |       |   |   |   |       |   |       | \ \ \ \
 |    ___|    ___| |   | |      _|   |___|   |  _    |   |      _|  \ \ \ \
 |   |   |   |___  |   | |     |_|       |   | | |   |   |     |_    ) ) ) )
 |___|   |_______| |___| |_______|_______|___|_|  |__|___|_______|  / / / /
 ==================================================================/_/_/_/

:: Built with Spring Boot :: 2.6.2


2022-02-09 03:36:53.550  INFO 14904 --- [    Test worker] o.s.s.petclinic.vet.VetControllerTests   : Starting VetControllerTests using Java 11.0.14 on cs-782767703530-default with PID 14904 (started by admin_ in /home/admin_/projects/gcp-devops-demo/spring-petclinic)
2022-02-09 03:36:53.550  INFO 14904 --- [    Test worker] o.s.s.petclinic.vet.VetControllerTests   : The following profiles are active: mysql
2022-02-09 03:36:54.221  INFO 14904 --- [    Test worker] o.s.b.t.m.w.SpringBootMockServletContext : Initializing Spring TestDispatcherServlet ''
2022-02-09 03:36:54.222  INFO 14904 --- [    Test worker] o.s.t.web.servlet.TestDispatcherServlet  : Initializing Servlet ''
2022-02-09 03:36:54.222  INFO 14904 --- [    Test worker] o.s.t.web.servlet.TestDispatcherServlet  : Completed initialization in 0 ms
2022-02-09 03:36:54.231  INFO 14904 --- [    Test worker] o.s.s.petclinic.vet.VetControllerTests   : Started VetControllerTests in 0.711 seconds (JVM running for 27.025)
]]></system-out>
  <system-err><![CDATA[]]></system-err>
</testsuite>
