<?xml version="1.0" encoding="UTF-8"?>
<testsuite name="org.springframework.samples.petclinic.vet.VetTests" tests="1" skipped="0" failures="0" errors="0" timestamp="2022-02-09T03:36:54" hostname="cs-782767703530-default" time="0.003">
  <properties/>
  <testcase name="testSerialization()" classname="org.springframework.samples.petclinic.vet.VetTests" time="0.003"/>
  <system-out><![CDATA[]]></system-out>
  <system-err><![CDATA[]]></system-err>
</testsuite>
